-------------------- Log Start | Tue Feb 13 15:51:00 2024 --------------------
data_path: /home/pi/printer_data
is_default_data_path: False
config_file: /home/pi/printer_data/config/moonraker.conf
startup_warnings: []
verbose: False
debug: False
asyncio_debug: False
is_backup_config: False
is_python_package: False
instance_uuid: 44e42bf3b1aa4a6390e0ef0b153be3c4
unix_socket_path: /home/pi/printer_data/comms/moonraker.sock
software_version: v0.8.0-308-g71b46cc
git_branch: master
git_remote: origin
git_repo_url: https://github.com/Arksine/moonraker.git
modified_files: []
unofficial_components: []
log_file: /home/pi/printer_data/logs/moonraker.log
python_version: 3.11.2 (main, Mar 13 2023, 12:18:29) [GCC 12.2.0]
launch_args: /home/pi/moonraker-env/bin/python /home/pi/moonraker/moonraker/moonraker.py -d /home/pi/printer_data
msgspec_enabled: False
uvloop_enabled: False

#################### Moonraker Configuration ####################

[server]
host = 0.0.0.0
port = 7125
klippy_uds_address = /home/pi/printer_data/comms/klippy.sock

[authorization]
trusted_clients = 
	127.0.0.1
	10.0.0.0/8
	127.0.0.0/8
	169.254.0.0/16
	172.16.0.0/12
	192.168.0.0/16
	FE80::/10
	::1/128
cors_domains = 
	*.lan
	*.local
	*://localhost
	*://localhost:*
	*://my.mainsail.xyz
	*://app.fluidd.xyz

[octoprint_compat]

[history]

[update_manager]
channel = dev
refresh_interval = 168

[update_manager trad_rack]
type = git_repo
path = ~/trad_rack_klippy_module
origin = https://github.com/Annex-Engineering/TradRack.git
primary_branch = main
managed_services = klipper

[update_manager belay]
type = git_repo
path = ~/belay_klippy_module
origin = https://github.com/Annex-Engineering/Belay.git
primary_branch = main
managed_services = klipper

[update_manager KlipperScreen]
type = git_repo
path = ~/KlipperScreen
origin = https://github.com/KlipperScreen/KlipperScreen.git
virtualenv = ~/.KlipperScreen-env
requirements = scripts/KlipperScreen-requirements.txt
system_dependencies = scripts/system-dependencies.json
managed_services = KlipperScreen

[update_manager mainsail-config]
type = git_repo
primary_branch = master
path = ~/mainsail-config
origin = https://github.com/mainsail-crew/mainsail-config.git
managed_services = klipper

[update_manager mainsail]
type = web
channel = stable
repo = mainsail-crew/mainsail
path = ~/mainsail

[file_manager]
enable_object_processing = True

[update_manager cartographer]
type = git_repo
path = ~/cartographer-klipper
channel = dev
origin = https://github.com/Cartographer3D/cartographer-klipper.git
env = ~/klippy-env/bin/python
requirements = requirements.txt
install_script = install.sh
is_system_service = False
managed_services = klipper
info_tags = 
	desc=Cartographer Probe

#################################################################
All Configuration Files:
/home/pi/printer_data/config/moonraker.conf
#################################################################

Database Versions: pylmdb = 1.4.1, lmdb = (0, 9, 29)
Unsafe Shutdown Count: 88

System Info:

***python***
  version: (3, 11, 2, 'final', 0)
  version_string: 3.11.2 (main, Mar 13 2023, 12:18:29) [GCC 12.2.0]

***cpu_info***
  cpu_count: 4
  bits: 64bit
  processor: aarch64
  cpu_desc: 
  serial_number: 812c0b9b3c12713d
  hardware_desc: BCM2835
  model: Raspberry Pi 5 Model B Rev 1.0
  total_memory: 4143408
  memory_units: kB

***sd_info***
  manufacturer_id: 27
  manufacturer: Unknown
  oem_id: 5048
  product_name: SD64G
  product_revision: 6.0
  serial_number: daaeb8db
  manufacturer_date: 1/2023
  capacity: 58.0 GiB
  total_bytes: 62226694144

***distribution***
  name: Debian GNU/Linux 12 (bookworm)
  id: debian
  version: 12
  version_parts: {'major': '12', 'minor': '', 'build_number': ''}
  like: 
  codename: bookworm
  release_info: {}

***virtualization***
  virt_type: none
  virt_identifier: none

***network***

***canbus***

***Allowed Services***
  klipper_mcu
  webcamd
  MoonCord
  KlipperScreen
  moonraker-telegram-bot
  moonraker-obico
  sonar
  crowsnest
  octoeverywhere
  ratos-configurator
Module libcamera unavailble, import failed

Systemd unit moonraker.service:
unit_name: moonraker.service
is_default: True
manager: systemd
Properties:
**Requires=['sysinit.target', '-.mount', 'system.slice', 'network-online.target']
**After=['systemd-journald.socket', 'basic.target', 'system.slice', '-.mount', 'sysinit.target', 'network-online.target']
**SupplementaryGroups=['moonraker-admin']
**EnvironmentFiles=/home/pi/printer_data/systemd/moonraker.env
**ExecStart=/home/pi/moonraker-env/bin/python $MOONRAKER_ARGS
**WorkingDirectory=/home/pi/moonraker
**FragmentPath=/etc/systemd/system/moonraker.service
**Description=API Server for Klipper SV1
**User=pi

Systemd unit klipper.service:
unit_name: klipper.service
is_default: True
manager: systemd
Properties:
**Requires=['sysinit.target', '-.mount', 'system.slice']
**After=['systemd-journald.socket', 'system.slice', '-.mount', 'network-online.target', 'sysinit.target', 'basic.target']
**SupplementaryGroups=[]
**EnvironmentFiles=/home/pi/printer_data/systemd/klipper.env
**ExecStart=/home/pi/klippy-env/bin/python $KLIPPER_ARGS
**WorkingDirectory=/home/pi/klipper
**FragmentPath=/etc/systemd/system/klipper.service
**Description=Klipper 3D Printer Firmware SV1
**User=pi
Git Repo moonraker: No warnings detected
Git Repo klipper: Warnings detected:
  Repo has untracked source files: ['klippy/extras/belay.py', 'klippy/extras/gcode_shell_command.py', 'klippy/extras/trad_rack.py']
Git Repo trad_rack: No warnings detected
Git Repo belay: No warnings detected
Git Repo KlipperScreen: No warnings detected
Git Repo mainsail-config: No warnings detected
Git Repo cartographer: No warnings detected
Klipper Version: v0.12.0-102-g9f41f53c-dirty
2024-02-13 15:51:00,490 [klippy_connection.py:wait()] - Request 'gcode/script' pending: 60.00 seconds
2024-02-13 15:52:00,491 [klippy_connection.py:wait()] - Request 'gcode/script' pending: 120.00 seconds
2024-02-13 15:53:00,492 [klippy_connection.py:wait()] - Request 'gcode/script' pending: 180.00 seconds
2024-02-13 15:58:42,952 [klippy_connection.py:_on_connection_closed()] - Klippy Connection Removed
2024-02-13 15:58:44,206 [klippy_connection.py:_do_connect()] - Klippy Connection Established
2024-02-13 15:58:46,733 [klippy_connection.py:_request_initial_subscriptions()] - Webhooks Subscribed
2024-02-13 15:58:46,733 [klippy_connection.py:_request_initial_subscriptions()] - GCode Output Subscribed
2024-02-13 15:58:46,983 [job_state.py:_handle_started()] - Job state initialized: standby
2024-02-13 15:58:47,244 [klippy_connection.py:_check_ready()] - Klippy ready
2024-02-13 15:58:48,491 [data_store.py:_init_sensors()] - Configuring available sensors: ['temperature_sensor Kraken', 'heater_bed', 'temperature_sensor cartographer_coil', 'extruder']
2024-02-13 15:59:10,290 [klippy_connection.py:_process_status_update()] - Klippy has shutdown
2024-02-13 15:59:10,291 [proc_stats.py:_handle_shutdown()] - 
Moonraker System Usage Statistics:
System Time: 1707839921.129467, Usage: 0.4%, Memory: 56352 kB
System Time: 1707839922.130496, Usage: 0.93%, Memory: 56352 kB
System Time: 1707839923.131389, Usage: 0.57%, Memory: 56352 kB
System Time: 1707839924.132860, Usage: 0.27%, Memory: 56352 kB
System Time: 1707839925.133094, Usage: 1.66%, Memory: 56352 kB
System Time: 1707839926.133800, Usage: 0.31%, Memory: 56352 kB
System Time: 1707839927.135913, Usage: 1.41%, Memory: 56352 kB
System Time: 1707839928.136292, Usage: 5.79%, Memory: 56352 kB
System Time: 1707839929.137341, Usage: 1.93%, Memory: 56352 kB
System Time: 1707839930.138211, Usage: 0.74%, Memory: 56352 kB
System Time: 1707839931.138994, Usage: 1.36%, Memory: 56352 kB
System Time: 1707839932.141011, Usage: 0.71%, Memory: 56352 kB
System Time: 1707839933.142592, Usage: 0.5%, Memory: 56352 kB
System Time: 1707839934.143358, Usage: 0.46%, Memory: 56352 kB
System Time: 1707839935.144414, Usage: 0.51%, Memory: 56352 kB
System Time: 1707839936.144883, Usage: 0.48%, Memory: 56352 kB
System Time: 1707839937.145129, Usage: 0.46%, Memory: 56352 kB
System Time: 1707839938.145743, Usage: 0.65%, Memory: 56352 kB
System Time: 1707839939.146569, Usage: 0.48%, Memory: 56352 kB
System Time: 1707839940.147629, Usage: 0.49%, Memory: 56352 kB
System Time: 1707839941.148479, Usage: 0.51%, Memory: 56352 kB
System Time: 1707839942.148860, Usage: 0.72%, Memory: 56352 kB
System Time: 1707839943.149999, Usage: 0.53%, Memory: 56352 kB
System Time: 1707839944.151172, Usage: 0.48%, Memory: 56352 kB
System Time: 1707839945.152048, Usage: 0.51%, Memory: 56352 kB
System Time: 1707839946.153227, Usage: 0.76%, Memory: 56352 kB
System Time: 1707839947.153953, Usage: 0.51%, Memory: 56352 kB
System Time: 1707839948.155428, Usage: 1.45%, Memory: 56352 kB
System Time: 1707839949.157231, Usage: 0.51%, Memory: 56352 kB
System Time: 1707839950.158049, Usage: 0.48%, Memory: 56352 kB
CPU Temperature: 47.4
2024-02-13 15:59:10,293 [proc_stats.py:_handle_shutdown()] - Throttled Flags: 
2024-02-13 15:59:10,770 [common.py:build_error()] - JSON-RPC Request Error - Requested Method: printer.gcode.script, Code: 400, Message: pid_calibrate interrupted
2024-02-13 15:59:10,771 [common.py:build_error()] - JSON-RPC Request Error - Requested Method: printer.gcode.script, Code: 400, Message: Shutdown due to webhooks request
Once the underlying issue is corrected, use the
"FIRMWARE_RESTART" command to reset the firmware, reload the
config, and restart the host software.
Printer is shutdown

2024-02-13 15:59:10,772 [common.py:build_error()] - JSON-RPC Request Error - Requested Method: printer.gcode.script, Code: 400, Message: Shutdown due to webhooks request
Once the underlying issue is corrected, use the
"FIRMWARE_RESTART" command to reset the firmware, reload the
config, and restart the host software.
Printer is shutdown

2024-02-13 15:59:12,040 [klippy_connection.py:_on_connection_closed()] - Klippy Connection Removed
2024-02-13 15:59:13,295 [klippy_connection.py:_do_connect()] - Klippy Connection Established
2024-02-13 15:59:15,821 [klippy_connection.py:_request_initial_subscriptions()] - Webhooks Subscribed
2024-02-13 15:59:15,822 [klippy_connection.py:_request_initial_subscriptions()] - GCode Output Subscribed
2024-02-13 15:59:16,072 [job_state.py:_handle_started()] - Job state initialized: standby
2024-02-13 15:59:16,326 [klippy_connection.py:_check_ready()] - Klippy ready
2024-02-13 15:59:17,580 [data_store.py:_init_sensors()] - Configuring available sensors: ['temperature_sensor Kraken', 'heater_bed', 'temperature_sensor cartographer_coil', 'extruder']
2024-02-13 15:59:36,372 [klippy_connection.py:_process_status_update()] - Klippy has shutdown
2024-02-13 15:59:36,374 [proc_stats.py:_handle_shutdown()] - 
Moonraker System Usage Statistics:
System Time: 1707839947.153953, Usage: 0.51%, Memory: 56352 kB
System Time: 1707839948.155428, Usage: 1.45%, Memory: 56352 kB
System Time: 1707839949.157231, Usage: 0.51%, Memory: 56352 kB
System Time: 1707839950.158049, Usage: 0.48%, Memory: 56352 kB
System Time: 1707839951.159219, Usage: 1.05%, Memory: 56352 kB
System Time: 1707839952.159912, Usage: 0.87%, Memory: 56352 kB
System Time: 1707839953.160037, Usage: 0.5%, Memory: 56352 kB
System Time: 1707839954.160263, Usage: 1.67%, Memory: 56352 kB
System Time: 1707839955.161046, Usage: 0.35%, Memory: 56352 kB
System Time: 1707839956.162201, Usage: 0.37%, Memory: 56352 kB
System Time: 1707839957.163286, Usage: 5.11%, Memory: 56352 kB
System Time: 1707839958.164190, Usage: 2.02%, Memory: 56352 kB
System Time: 1707839959.164815, Usage: 0.48%, Memory: 56352 kB
System Time: 1707839960.165733, Usage: 0.5%, Memory: 56352 kB
System Time: 1707839961.166576, Usage: 0.48%, Memory: 56352 kB
System Time: 1707839962.167649, Usage: 0.73%, Memory: 56352 kB
System Time: 1707839963.168170, Usage: 0.84%, Memory: 56352 kB
System Time: 1707839964.169241, Usage: 1.45%, Memory: 56352 kB
System Time: 1707839965.169998, Usage: 0.52%, Memory: 56352 kB
System Time: 1707839966.170916, Usage: 0.47%, Memory: 56352 kB
System Time: 1707839967.172894, Usage: 0.47%, Memory: 56352 kB
System Time: 1707839968.174099, Usage: 0.46%, Memory: 56352 kB
System Time: 1707839969.175030, Usage: 0.45%, Memory: 56352 kB
System Time: 1707839970.176154, Usage: 0.47%, Memory: 56352 kB
System Time: 1707839971.176349, Usage: 0.46%, Memory: 56352 kB
System Time: 1707839972.177185, Usage: 0.68%, Memory: 56352 kB
System Time: 1707839973.177286, Usage: 0.46%, Memory: 56352 kB
System Time: 1707839974.178293, Usage: 0.44%, Memory: 56352 kB
System Time: 1707839975.178417, Usage: 0.48%, Memory: 56352 kB
System Time: 1707839976.179303, Usage: 0.44%, Memory: 56352 kB
CPU Temperature: 46.3
2024-02-13 15:59:36,376 [proc_stats.py:_handle_shutdown()] - Throttled Flags: 
2024-02-13 15:59:37,642 [klippy_connection.py:_on_connection_closed()] - Klippy Connection Removed
2024-02-13 15:59:38,897 [klippy_connection.py:_do_connect()] - Klippy Connection Established
2024-02-13 15:59:41,423 [klippy_connection.py:_request_initial_subscriptions()] - Webhooks Subscribed
2024-02-13 15:59:41,424 [klippy_connection.py:_request_initial_subscriptions()] - GCode Output Subscribed
2024-02-13 15:59:41,674 [job_state.py:_handle_started()] - Job state initialized: standby
2024-02-13 15:59:41,929 [klippy_connection.py:_check_ready()] - Klippy ready
2024-02-13 15:59:42,931 [data_store.py:_init_sensors()] - Configuring available sensors: ['temperature_sensor Kraken', 'heater_bed', 'temperature_sensor cartographer_coil', 'extruder']
2024-02-13 16:00:56,395 [klippy_connection.py:wait()] - Request 'gcode/script' pending: 60.00 seconds
2024-02-13 16:01:56,396 [klippy_connection.py:wait()] - Request 'gcode/script' pending: 120.00 seconds
2024-02-13 16:02:56,397 [klippy_connection.py:wait()] - Request 'gcode/script' pending: 180.00 seconds
2024-02-13 16:05:57,457 [klippy_connection.py:_on_connection_closed()] - Klippy Connection Removed
2024-02-13 16:05:58,710 [klippy_connection.py:_do_connect()] - Klippy Connection Established
2024-02-13 16:06:01,233 [klippy_connection.py:_request_initial_subscriptions()] - Webhooks Subscribed
2024-02-13 16:06:01,233 [klippy_connection.py:_request_initial_subscriptions()] - GCode Output Subscribed
2024-02-13 16:06:01,484 [job_state.py:_handle_started()] - Job state initialized: standby
2024-02-13 16:06:01,746 [klippy_connection.py:_check_ready()] - Klippy ready
2024-02-13 16:06:02,993 [data_store.py:_init_sensors()] - Configuring available sensors: ['temperature_sensor Kraken', 'heater_bed', 'temperature_sensor cartographer_coil', 'extruder']
2024-02-13 16:06:22,625 [authorization.py:_check_trusted_connection()] - Trusted Connection Detected, IP: 192.168.1.97
2024-02-13 16:06:22,631 [application.py:prepare()] - Upload Request Received from 192.168.1.97
Content-Type: multipart/form-data; boundary=------------------------0f770e61eaf34aa3
2024-02-13 16:06:22,755 [application.py:post()] - Processing Uploaded File: 3DBenchy_PLA_16m8s.gcode
2024-02-13 16:06:22,822 [shell_command.py:pipe_data_received()] - INFO:metadata:Object Processing is enabled

2024-02-13 16:06:22,827 [shell_command.py:pipe_data_received()] - INFO:metadata:File '3DBenchy_PLA_16m8s.gcode' currently supports cancellation, processing aborted

2024-02-13 16:06:22,882 [shell_command.py:_check_proc_success()] - Command (/home/pi/moonraker-env/bin/python /home/pi/moonraker/moonraker/components/file_manager/metadata.py -p /home/pi/printer_data/gcodes -f "3DBenchy_PLA_16m8s.gcode" --check-objects) successfully finished
2024-02-13 16:06:22,888 [application.py:log_request()] - 201 POST /api/files/local (192.168.1.97) [_TRUSTED_USER_] 256.96ms
2024-02-13 16:06:23,046 [job_state.py:_status_update()] - Job Started: 3DBenchy_PLA_16m8s.gcode
2024-02-13 16:17:52,706 [authorization.py:_check_trusted_connection()] - Trusted Connection Detected, IP: 192.168.1.177
2024-02-13 16:17:52,707 [application.py:log_request()] - 101 GET /websocket (192.168.1.177) [_TRUSTED_USER_] 1.00ms
2024-02-13 16:17:52,707 [websockets.py:open()] - Websocket Opened: ID: 140735590687312, Proxied: True, User Agent: Mozilla/5.0 (Linux; Android 10; K) AppleWebKit/537.36 (KHTML, like Gecko) Chrome/121.0.0.0 Mobile Safari/537.36, Host Name: 192.168.1.244
2024-02-13 16:17:52,732 [websockets.py:_handle_identify()] - Websocket 140735590687312 Client Identified - Name: mainsail, Version: 2.9.1, Type: web
2024-02-13 16:17:56,749 [klippy_connection.py:_process_status_update()] - Klippy has shutdown
2024-02-13 16:17:56,751 [proc_stats.py:_handle_shutdown()] - 
Moonraker System Usage Statistics:
System Time: 1707841047.125981, Usage: 0.56%, Memory: 56352 kB
System Time: 1707841048.127522, Usage: 0.53%, Memory: 56352 kB
System Time: 1707841049.127691, Usage: 0.42%, Memory: 56352 kB
System Time: 1707841050.129553, Usage: 0.41%, Memory: 56352 kB
System Time: 1707841051.130404, Usage: 0.59%, Memory: 56352 kB
System Time: 1707841052.130691, Usage: 0.47%, Memory: 56352 kB
System Time: 1707841053.132161, Usage: 1.37%, Memory: 56352 kB
System Time: 1707841054.133062, Usage: 0.61%, Memory: 56352 kB
System Time: 1707841055.133351, Usage: 0.56%, Memory: 56352 kB
System Time: 1707841056.134222, Usage: 0.45%, Memory: 56352 kB
System Time: 1707841057.134658, Usage: 0.41%, Memory: 56352 kB
System Time: 1707841058.135470, Usage: 0.39%, Memory: 56352 kB
System Time: 1707841059.136444, Usage: 0.39%, Memory: 56352 kB
System Time: 1707841060.137307, Usage: 0.61%, Memory: 56352 kB
System Time: 1707841061.139422, Usage: 0.58%, Memory: 56352 kB
System Time: 1707841062.139656, Usage: 0.6%, Memory: 56352 kB
System Time: 1707841063.140291, Usage: 0.8%, Memory: 56352 kB
System Time: 1707841064.140409, Usage: 0.53%, Memory: 56352 kB
System Time: 1707841065.141872, Usage: 0.54%, Memory: 56352 kB
System Time: 1707841066.142252, Usage: 0.68%, Memory: 56352 kB
System Time: 1707841067.142730, Usage: 0.54%, Memory: 56352 kB
System Time: 1707841068.143248, Usage: 0.83%, Memory: 56352 kB
System Time: 1707841069.143739, Usage: 1.6%, Memory: 56352 kB
System Time: 1707841070.144203, Usage: 0.5%, Memory: 56352 kB
System Time: 1707841071.144953, Usage: 0.57%, Memory: 56352 kB
System Time: 1707841072.145434, Usage: 0.6%, Memory: 56352 kB
System Time: 1707841073.148716, Usage: 33.3%, Memory: 56352 kB
System Time: 1707841074.150488, Usage: 3.61%, Memory: 56560 kB
System Time: 1707841075.151368, Usage: 1.71%, Memory: 56560 kB
System Time: 1707841076.152470, Usage: 0.43%, Memory: 56560 kB
CPU Temperature: 49.6
2024-02-13 16:17:56,752 [proc_stats.py:_handle_shutdown()] - Throttled Flags: 
2024-02-13 16:17:57,984 [klippy_connection.py:_on_connection_closed()] - Klippy Connection Removed
2024-02-13 16:17:59,239 [klippy_connection.py:_do_connect()] - Klippy Connection Established
2024-02-13 16:18:01,765 [klippy_connection.py:_request_initial_subscriptions()] - Webhooks Subscribed
2024-02-13 16:18:01,766 [klippy_connection.py:_request_initial_subscriptions()] - GCode Output Subscribed
2024-02-13 16:18:02,016 [job_state.py:_handle_started()] - Job state initialized: standby
2024-02-13 16:18:02,271 [klippy_connection.py:_check_ready()] - Klippy ready
2024-02-13 16:18:03,525 [data_store.py:_init_sensors()] - Configuring available sensors: ['temperature_sensor Kraken', 'heater_bed', 'temperature_sensor cartographer_coil', 'extruder']
2024-02-13 16:18:19,038 [common.py:build_error()] - JSON-RPC Request Error - Requested Method: printer.gcode.script, Code: 400, Message: Must home selector first
2024-02-13 16:18:57,661 [job_state.py:_status_update()] - Job Started: 3DBenchy_PLA_16m8s.gcode
2024-02-13 16:20:42,605 [websockets.py:on_close()] - Websocket Closed: ID: 140735590687312 Close Code: None, Close Reason: None, Pong Time Elapsed: 9.89
2024-02-13 16:22:06,103 [application.py:log_request()] - 101 GET /websocket (192.168.1.177) [_TRUSTED_USER_] 0.69ms
2024-02-13 16:22:06,103 [websockets.py:open()] - Websocket Opened: ID: 140735553924880, Proxied: True, User Agent: Mozilla/5.0 (Linux; Android 10; K) AppleWebKit/537.36 (KHTML, like Gecko) Chrome/121.0.0.0 Mobile Safari/537.36, Host Name: 192.168.1.244
2024-02-13 16:22:06,118 [websockets.py:_handle_identify()] - Websocket 140735553924880 Client Identified - Name: mainsail, Version: 2.9.1, Type: web
2024-02-13 16:22:23,895 [websockets.py:on_close()] - Websocket Closed: ID: 140735553924880 Close Code: None, Close Reason: None, Pong Time Elapsed: 17.79
2024-02-13 16:23:23,867 [application.py:log_request()] - 101 GET /websocket (192.168.1.177) [_TRUSTED_USER_] 0.69ms
2024-02-13 16:23:23,867 [websockets.py:open()] - Websocket Opened: ID: 140735590654800, Proxied: True, User Agent: Mozilla/5.0 (Linux; Android 10; K) AppleWebKit/537.36 (KHTML, like Gecko) Chrome/121.0.0.0 Mobile Safari/537.36, Host Name: 192.168.1.244
2024-02-13 16:23:23,880 [websockets.py:_handle_identify()] - Websocket 140735590654800 Client Identified - Name: mainsail, Version: 2.9.1, Type: web
2024-02-13 16:25:51,067 [websockets.py:on_close()] - Websocket Closed: ID: 140735590654800 Close Code: None, Close Reason: None, Pong Time Elapsed: 7.19
2024-02-13 16:38:12,666 [application.py:log_request()] - 101 GET /websocket (192.168.1.177) [_TRUSTED_USER_] 0.68ms
2024-02-13 16:38:12,666 [websockets.py:open()] - Websocket Opened: ID: 140735588960528, Proxied: True, User Agent: Mozilla/5.0 (Linux; Android 10; K) AppleWebKit/537.36 (KHTML, like Gecko) Chrome/121.0.0.0 Mobile Safari/537.36, Host Name: 192.168.1.244
2024-02-13 16:38:12,675 [websockets.py:_handle_identify()] - Websocket 140735588960528 Client Identified - Name: mainsail, Version: 2.9.1, Type: web
2024-02-13 16:38:23,570 [websockets.py:on_close()] - Websocket Closed: ID: 140735588960528 Close Code: 1001, Close Reason: None, Pong Time Elapsed: 0.90
